<?xml version="1.0" encoding="UTF-8"?>
<!-- Generated by org.testng.reporters.JUnitReportReporter -->
<testsuite hostname="konoks-MBP.home" name="com.framework.automation.framework.homePage.VerifyloginWithValidCredentails" tests="1" failures="0" timestamp="12 Nov 2017 01:44:59 GMT" time="62.259" errors="0">
  <testcase name="verifyLoginWithValidCredentails" time="62.259" classname="com.framework.automation.framework.homePage.VerifyloginWithValidCredentails"/>
</testsuite> <!-- com.framework.automation.framework.homePage.VerifyloginWithValidCredentails -->
