<?xml version="1.0" encoding="UTF-8"?>
<!-- Generated by org.testng.reporters.JUnitReportReporter -->
<testsuite hostname="konoks-MBP.home" name="com.framework.automation.framework.homePage.VerifyloginWithInvalidCredentails" tests="1" failures="0" timestamp="12 Nov 2017 04:04:08 GMT" time="1.709" errors="0">
  <testcase name="verifyInvalidEmailAddress" time="1.709" classname="com.framework.automation.framework.homePage.VerifyloginWithInvalidCredentails"/>
</testsuite> <!-- com.framework.automation.framework.homePage.VerifyloginWithInvalidCredentails -->
