<?xml version="1.0" encoding="UTF-8"?>
<!-- Generated by org.testng.reporters.JUnitReportReporter -->
<testsuite hostname="konoks-MBP.home" name="com.framework.automation.framework.homePage.VerifyloginWithInvalidCredentails" tests="2" failures="0" timestamp="18 Nov 2017 01:13:34 GMT" time="3.298" errors="0">
  <testcase name="verifyInvalidEmailAddress" time="1.603" classname="com.framework.automation.framework.homePage.VerifyloginWithInvalidCredentails"/>
  <testcase name="verifyLoginWithInvalidCredentails" time="1.695" classname="com.framework.automation.framework.homePage.VerifyloginWithInvalidCredentails"/>
</testsuite> <!-- com.framework.automation.framework.homePage.VerifyloginWithInvalidCredentails -->
