<?xml version="1.0" encoding="UTF-8"?>
<!-- Generated by org.testng.reporters.JUnitReportReporter -->
<testsuite hostname="konoks-MBP.home" name="com.framework.automation.framework.homePage.VerifyloginWithValidCredentails" tests="2" failures="0" timestamp="19 Nov 2017 02:05:26 GMT" time="62.711" errors="0">
  <testcase name="verifyLoginWithValidCredentails" time="61.972" classname="com.framework.automation.framework.homePage.VerifyloginWithValidCredentails"/>
  <testcase name="getCustomerServiceContactUs" time="0.739" classname="com.framework.automation.framework.homePage.VerifyloginWithValidCredentails"/>
</testsuite> <!-- com.framework.automation.framework.homePage.VerifyloginWithValidCredentails -->
