<?xml version="1.0" encoding="UTF-8"?>
<!-- Generated by org.testng.reporters.JUnitReportReporter -->
<testsuite hostname="arlynns-MacBook-Pro.local" failures="0" tests="1" name="com.framework.automation.framework.homePage.HomePageDisplayVerification" time="0.070" errors="0" timestamp="31 Dec 2017 16:50:53 GMT">
  <testcase classname="com.framework.automation.framework.homePage.HomePageDisplayVerification" name="verifycallUsNowHomePageButton" time="0.070"/>
</testsuite> <!-- com.framework.automation.framework.homePage.HomePageDisplayVerification -->
